<?xml version="1.0" encoding="UTF-8"?>
<!-- Generated by org.testng.reporters.JUnitReportReporter -->
<testsuite hostname="DESKTOP-48VL68K" failures="0" tests="1" name="testcases.CheckoutStepTwoTest" time="14.678" errors="0" timestamp="2025-02-11T22:09:39 IST" skipped="0">
  <testcase classname="testcases.CheckoutStepTwoTest" name="verifyCancelBtnTxtTest" time="14.678"/>
  <system-out>
    <![CDATA[cancel button txt is present= Cancel]]>
  </system-out>
</testsuite> <!-- testcases.CheckoutStepTwoTest -->
