<?xml version="1.0" encoding="UTF-8"?>
<!-- Generated by org.testng.reporters.JUnitReportReporter -->
<testsuite hostname="DESKTOP-48VL68K" failures="0" tests="9" name="testcases.CheckoutPageTest" time="170.613" errors="0" timestamp="2025-02-11T15:59:12 IST" skipped="0">
  <testcase classname="testcases.CheckoutPageTest" name="enterYourInformationToContinueTest" time="28.233"/>
  <system-out>
    <![CDATA[After checkout navigate to=https://www.saucedemo.com/checkout-step-two.html]]>
  </system-out>
  <testcase classname="testcases.CheckoutPageTest" name="verifyCheckoutYourInformationTxtTest" time="21.011"/>
  <system-out>
    <![CDATA[your information txt on checkout page=Checkout: Your Information]]>
  </system-out>
  <testcase classname="testcases.CheckoutPageTest" name="ververifyContinueBtnTest" time="16.213"/>
  <system-out>
    <![CDATA[continue button is present=true]]>
  </system-out>
  <testcase classname="testcases.CheckoutPageTest" name="verifyCancleBtnFunctionalityTest" time="16.458"/>
  <system-out>
    <![CDATA[After cancel navigate to=https://www.saucedemo.com/cart.html]]>
  </system-out>
  <testcase classname="testcases.CheckoutPageTest" name="verifyErrorMsgForPostalCodeTest" time="17.710"/>
  <system-out>
    <![CDATA[error msg if postal text box is empty=Error: Postal Code is required]]>
  </system-out>
  <testcase classname="testcases.CheckoutPageTest" name="verifyCancleBtnTxtTest" time="16.911"/>
  <system-out>
    <![CDATA[cancel button  txt on checkout page=Cancel]]>
  </system-out>
  <testcase classname="testcases.CheckoutPageTest" name="verifyErrorMsgForLastNameTest" time="19.705"/>
  <system-out>
    <![CDATA[error msg if last name text box is empty=Error: Last Name is required]]>
  </system-out>
  <testcase classname="testcases.CheckoutPageTest" name="ververifyCancleBtnTest" time="17.165"/>
  <system-out>
    <![CDATA[cancel button is present=true]]>
  </system-out>
  <testcase classname="testcases.CheckoutPageTest" name="verifyErrorMsgForFirstNameTest" time="17.207"/>
  <system-out>
    <![CDATA[error msg if first name  text box is empty=Error: First Name is required]]>
  </system-out>
</testsuite> <!-- testcases.CheckoutPageTest -->
