<?xml version="1.0" encoding="UTF-8"?>
<!-- Generated by org.testng.reporters.JUnitReportReporter -->
<testsuite hostname="DESKTOP-48VL68K" failures="0" tests="5" name="testcases.CheckoutCompletePageTest" time="75.158" errors="0" timestamp="2025-02-11T17:48:54 IST" skipped="0">
  <testcase classname="testcases.CheckoutCompletePageTest" name="verifyCompleteSubTxt" time="14.961"/>
  <system-out>
    <![CDATA[Your order has been dispatched, and will arrive just as fast as the pony can get there! is: Your order has been dispatched, and will arrive just as fast as the pony can get there!]]>
  </system-out>
  <testcase classname="testcases.CheckoutCompletePageTest" name="verifycompleteLogo" time="15.376"/>
  <system-out>
    <![CDATA[logo is present=true]]>
  </system-out>
  <testcase classname="testcases.CheckoutCompletePageTest" name="verifyBackBtn" time="16.073"/>
  <system-out>
    <![CDATA[After click on back button navigate to=https://www.saucedemo.com/inventory.html]]>
  </system-out>
  <testcase classname="testcases.CheckoutCompletePageTest" name="verifyCompleteTxt" time="14.082"/>
  <system-out>
    <![CDATA[Checkout: Complete! txt is: Checkout: Complete!]]>
  </system-out>
  <testcase classname="testcases.CheckoutCompletePageTest" name="verifyThankYouTxt" time="14.666"/>
  <system-out>
    <![CDATA[Thank you for your order! is: Thank you for your order!]]>
  </system-out>
</testsuite> <!-- testcases.CheckoutCompletePageTest -->
