<?xml version="1.0" encoding="UTF-8"?>
<!-- Generated by org.testng.reporters.JUnitReportReporter -->
<testsuite hostname="DESKTOP-48VL68K" failures="0" tests="9" name="testcases.CarPageTest" time="130.289" errors="0" timestamp="2025-02-11T17:46:19 IST" skipped="0">
  <testcase classname="testcases.CarPageTest" name="verifyCheckoutBtnTxtTest" time="14.171"/>
  <system-out>
    <![CDATA[Checkout txt on cart page is present= Checkout]]>
  </system-out>
  <testcase classname="testcases.CarPageTest" name="verifyCheckoutBtnTest" time="13.779"/>
  <system-out>
    <![CDATA[Checkout button is present=true]]>
  </system-out>
  <testcase classname="testcases.CarPageTest" name="verifyContinueShoppingBtnTest" time="13.675"/>
  <system-out>
    <![CDATA[Continue shopping button is present=true]]>
  </system-out>
  <testcase classname="testcases.CarPageTest" name="verifyContinueShoppingBtnTxtTest" time="13.334"/>
  <system-out>
    <![CDATA[Continue Shopping on cart page is present= Continue Shopping]]>
  </system-out>
  <testcase classname="testcases.CarPageTest" name="verifyYourCartTxtTest" time="13.819"/>
  <system-out>
    <![CDATA[Your cart txt on cart page is present= Your Cart]]>
  </system-out>
  <testcase classname="testcases.CarPageTest" name="verifyQTYTxtTest" time="14.323"/>
  <system-out/>
  <testcase classname="testcases.CarPageTest" name="verifyShoppingCartDescriptionTxtTest" time="14.574"/>
  <system-out>
    <![CDATA[Description txt on cart page is present= Description]]>
  </system-out>
  <testcase classname="testcases.CarPageTest" name="verifyCheckoutBtnFunctionalityTest" time="14.279"/>
  <system-out>
    <![CDATA[Navigate to checkout Page=https://www.saucedemo.com/checkout-step-one.html]]>
  </system-out>
  <testcase classname="testcases.CarPageTest" name="verifyContinueShoppingBtnFunctionalityTest" time="18.335"/>
  <system-out>
    <![CDATA[Navigate to product page=https://www.saucedemo.com/inventory.html]]>
  </system-out>
</testsuite> <!-- testcases.CarPageTest -->
