<?xml version="1.0" encoding="UTF-8"?>
<!-- Generated by org.testng.reporters.JUnitReportReporter -->
<testsuite hostname="DESKTOP-48VL68K" failures="0" tests="1" name="testcases.CheckoutCompletePageTest" time="19.115" errors="0" timestamp="2025-02-05T22:50:30 IST" skipped="0">
  <testcase classname="testcases.CheckoutCompletePageTest" name="verifyBackBtn" time="19.115"/>
  <system-out>
    <![CDATA[After click on back button navigate to=https://www.saucedemo.com/inventory.html]]>
  </system-out>
</testsuite> <!-- testcases.CheckoutCompletePageTest -->
