<?xml version="1.0" encoding="UTF-8"?>
<!-- Generated by org.testng.reporters.JUnitReportReporter -->
<testsuite hostname="DESKTOP-48VL68K" failures="0" tests="1" name="testcases.CheckoutStepTwoTest" time="16.331" errors="0" timestamp="2025-02-05T13:48:37 IST" skipped="0">
  <testcase classname="testcases.CheckoutStepTwoTest" name="verifyCancelBtnTest" time="16.331"/>
  <system-out>
    <![CDATA[Click  on cancel button navigate to= https://www.saucedemo.com/inventory.html]]>
  </system-out>
</testsuite> <!-- testcases.CheckoutStepTwoTest -->
