<?xml version="1.0" encoding="UTF-8"?>
<!-- Generated by org.testng.reporters.JUnitReportReporter -->
<testsuite hostname="DESKTOP-48VL68K" failures="0" tests="1" name="testcases.CheckoutStepTwoTest" time="13.713" errors="0" timestamp="2025-02-11T23:04:54 IST" skipped="0">
  <testcase classname="testcases.CheckoutStepTwoTest" name="verifySubtoTotalabelTest" time="13.713"/>
  <system-out>
    <![CDATA[Item total: $129.94 is present= Item total: $129.94]]>
  </system-out>
</testsuite> <!-- testcases.CheckoutStepTwoTest -->
