<?xml version="1.0" encoding="UTF-8"?>
<!-- Generated by org.testng.reporters.JUnitReportReporter -->
<testsuite hostname="DESKTOP-48VL68K" failures="0" tests="1" name="testcases.CarPageTest" time="15.539" errors="0" timestamp="2025-01-30T22:24:20 IST" skipped="0">
  <testcase classname="testcases.CarPageTest" name="verifyQTYTxtTest" time="15.539"/>
  <system-out/>
</testsuite> <!-- testcases.CarPageTest -->
