<?xml version="1.0" encoding="UTF-8"?>
<!-- Generated by org.testng.reporters.JUnitReportReporter -->
<testsuite hostname="DESKTOP-48VL68K" failures="0" tests="2" name="testcases.CheckoutPageTest" time="32.574" errors="0" timestamp="2025-02-05T17:54:00 IST" skipped="0">
  <testcase classname="testcases.CheckoutPageTest" name="verifyErrorMsgForPostalCodeTest" time="16.670"/>
  <system-out>
    <![CDATA[error msg if postal text box is empty=Error: Postal Code is required]]>
  </system-out>
  <testcase classname="testcases.CheckoutPageTest" name="verifyErrorMsgForFirstNameTest" time="15.904"/>
  <system-out>
    <![CDATA[error msg if first name  text box is empty=Error: First Name is required]]>
  </system-out>
</testsuite> <!-- testcases.CheckoutPageTest -->
