<?xml version="1.0" encoding="UTF-8"?>
<!-- Generated by org.testng.reporters.JUnitReportReporter -->
<testsuite hostname="DESKTOP-48VL68K" failures="0" tests="1" name="testcases.InventoryPageTest" time="15.378" errors="0" timestamp="2025-02-11T22:12:28 IST" skipped="0">
  <testcase classname="testcases.InventoryPageTest" name="remove2ProductsTest" time="15.378"/>
  <system-out>
    <![CDATA[remove 2 Product=4]]>
  </system-out>
</testsuite> <!-- testcases.InventoryPageTest -->
