<?xml version="1.0" encoding="UTF-8"?>
<!-- Generated by org.testng.reporters.JUnitReportReporter -->
<testsuite hostname="DESKTOP-48VL68K" failures="0" tests="5" name="testcases.InventoryPageTest" time="32.503" errors="0" timestamp="2025-02-05T17:54:00 IST" skipped="0">
  <testcase classname="testcases.InventoryPageTest" name="verifyLinkedInLogoTest" time="5.789"/>
  <system-out>
    <![CDATA[linkedin logo is presnet=true]]>
  </system-out>
  <testcase classname="testcases.InventoryPageTest" name="verifyTwitterLogoTest" time="7.058"/>
  <system-out>
    <![CDATA[twitter logo is presnet=true]]>
  </system-out>
  <testcase classname="testcases.InventoryPageTest" name="verifyShppingCartFunctionalityTest" time="7.634"/>
  <system-out>
    <![CDATA[Navigate to shopping cart Page=https://www.saucedemo.com/cart.html]]>
  </system-out>
  <testcase classname="testcases.InventoryPageTest" name="verifyShoppingCartLogoTest" time="5.755"/>
  <system-out>
    <![CDATA[shoppingcart logo is presnet=true]]>
  </system-out>
  <testcase classname="testcases.InventoryPageTest" name="verifyFacebookLogoTest" time="6.267"/>
  <system-out>
    <![CDATA[facebook logo is presnet=true]]>
  </system-out>
</testsuite> <!-- testcases.InventoryPageTest -->
